  2024-08-13 09:46:31 App\Events\PaymentPerMonthLimitEvent ........... RUNNING
  2024-08-13 09:46:32 App\Events\PaymentPerMonthLimitEvent ..... 824.82ms DONE
  2024-08-13 09:48:01 App\Events\PaymentPerMonthLimitEvent ........... RUNNING
  2024-08-13 09:48:02 App\Events\PaymentPerMonthLimitEvent ........... 1s DONE
  2024-08-13 09:50:13 App\Events\PaymentPerMonthLimitEvent ........... RUNNING
  2024-08-13 09:50:14 App\Events\PaymentPerMonthLimitEvent ........... 1s DONE
  2024-08-13 09:52:14 App\Events\PaymentPerMonthLimitEvent ........... RUNNING
  2024-08-13 09:52:15 App\Events\PaymentPerMonthLimitEvent ........... 1s DONE
  2024-08-13 09:56:32 App\Events\PaymentPerMonthLimitEvent ........... RUNNING
  2024-08-13 09:56:33 App\Events\PaymentPerMonthLimitEvent ........... 1s DONE
  2024-08-13 09:57:29 App\Events\PaymentPerMonthLimitEvent ........... RUNNING
  2024-08-13 09:57:30 App\Events\PaymentPerMonthLimitEvent ........... 1s DONE
  2024-08-13 10:16:44 App\Events\PaymentPerMonthLimitEvent ........... RUNNING
  2024-08-13 10:16:45 App\Events\PaymentPerMonthLimitEvent ........... 1s DONE
  2024-08-13 10:18:02 App\Events\PaymentPerMonthLimitEvent ........... RUNNING
  2024-08-13 10:18:03 App\Events\PaymentPerMonthLimitEvent ........... 1s DONE
  2024-08-13 10:18:45 App\Events\PaymentPerMonthLimitEvent ........... RUNNING
  2024-08-13 10:18:46 App\Events\PaymentPerMonthLimitEvent ........... 1s DONE
  2024-08-13 10:19:18 App\Events\PaymentPerMonthLimitEvent ........... RUNNING
  2024-08-13 10:19:20 App\Events\PaymentPerMonthLimitEvent ........... 2s DONE
  2024-08-13 10:20:30 App\Events\PaymentPerDayLimitEvent ............. RUNNING
  2024-08-13 10:20:30 App\Events\PaymentPerMonthLimitEvent ........... RUNNING
  2024-08-13 10:20:31 App\Events\PaymentPerDayLimitEvent ............. 1s DONE
  2024-08-13 10:20:31 App\Events\PaymentPerMonthLimitEvent ..... 857.92ms DONE
